<?xml version="1.0" encoding="UTF-8"?>
<!-- Generated by org.testng.reporters.JUnitXMLReporter -->
<testsuite hostname="MSINGIRI-IN" ignored="0" name="ccs(failed)" tests="2" failures="1" timestamp="27 May 2020 11:07:03 GMT" time="38.068" errors="0">
  <testcase name="loginTest" time="9.079" classname="com.ccs.testCases.TC_LoginTest_001"/>
  <testcase name="LoginDDT" time="5.785" classname="com.ccs.testCases.TC_LoginDDT_002">
    <failure type="java.lang.AssertionError" message="expected [true] but found [false]">
      <![CDATA[java.lang.AssertionError: expected [true] but found [false]
at com.ccs.testCases.TC_LoginDDT_002.LoginDDT(TC_LoginDDT_002.java:34)
... Removed 29 stack frames]]>
    </failure>
  </testcase> <!-- LoginDDT -->
</testsuite> <!-- ccs(failed) -->
