<?xml version="1.0" encoding="UTF-8"?>
<!-- Generated by org.testng.reporters.JUnitXMLReporter -->
<testsuite hostname="MSINGIRI-IN" ignored="0" name="ccs" tests="3" failures="0" timestamp="11 Jun 2020 11:39:36 GMT" time="73.541" errors="0">
  <testcase name="loginTest" time="10.581" classname="com.ccs.testCases.TC_LoginTest_001"/>
  <testcase name="LoginDDT" time="23.505" classname="com.ccs.testCases.TC_LoginDDT_002"/>
  <testcase name="LoginDDT" time="11.731" classname="com.ccs.testCases.TC_LoginDDT_002"/>
</testsuite> <!-- ccs -->
