<?xml version="1.0" encoding="UTF-8"?>
<testng-results skipped="0" failed="0" ignored="0" total="3" passed="3">
  <reporter-output>
  </reporter-output>
  <suite name="HybridFramework" duration-ms="83814" started-at="2020-06-02T07:42:02Z" finished-at="2020-06-02T07:43:26Z">
    <groups>
    </groups>
    <test name="ccs" duration-ms="61340" started-at="2020-06-02T07:42:02Z" finished-at="2020-06-02T07:43:04Z">
      <class name="com.ccs.testCases.TC_AddCustomerTest_003">
        <test-method status="PASS" signature="setup(java.lang.String)[pri:0, instance:com.ccs.testCases.TC_AddCustomerTest_003@234bef66]" name="setup" is-config="true" duration-ms="10195" started-at="2020-06-02T07:42:29Z" finished-at="2020-06-02T07:42:39Z">
          <params>
            <param index="0">
              <value>
                <![CDATA[chrome]]>
              </value>
            </param>
          </params>
          <reporter-output>
          </reporter-output>
        </test-method> <!-- setup -->
        <test-method status="PASS" signature="addNewCustomer()[pri:0, instance:com.ccs.testCases.TC_AddCustomerTest_003@234bef66]" name="addNewCustomer" duration-ms="24159" started-at="2020-06-02T07:42:39Z" finished-at="2020-06-02T07:43:03Z">
          <reporter-output>
          </reporter-output>
        </test-method> <!-- addNewCustomer -->
        <test-method status="PASS" signature="tearDown()[pri:0, instance:com.ccs.testCases.TC_AddCustomerTest_003@234bef66]" name="tearDown" is-config="true" duration-ms="915" started-at="2020-06-02T07:43:03Z" finished-at="2020-06-02T07:43:04Z">
          <reporter-output>
          </reporter-output>
        </test-method> <!-- tearDown -->
      </class> <!-- com.ccs.testCases.TC_AddCustomerTest_003 -->
      <class name="com.ccs.testCases.TC_LoginTest_001">
        <test-method status="PASS" signature="setup(java.lang.String)[pri:0, instance:com.ccs.testCases.TC_LoginTest_001@9f70c54]" name="setup" is-config="true" duration-ms="18489" started-at="2020-06-02T07:42:03Z" finished-at="2020-06-02T07:42:21Z">
          <params>
            <param index="0">
              <value>
                <![CDATA[chrome]]>
              </value>
            </param>
          </params>
          <reporter-output>
          </reporter-output>
        </test-method> <!-- setup -->
        <test-method status="PASS" signature="loginTest()[pri:0, instance:com.ccs.testCases.TC_LoginTest_001@9f70c54]" name="loginTest" duration-ms="6467" started-at="2020-06-02T07:42:21Z" finished-at="2020-06-02T07:42:28Z">
          <reporter-output>
          </reporter-output>
        </test-method> <!-- loginTest -->
        <test-method status="PASS" signature="tearDown()[pri:0, instance:com.ccs.testCases.TC_LoginTest_001@9f70c54]" name="tearDown" is-config="true" duration-ms="929" started-at="2020-06-02T07:42:28Z" finished-at="2020-06-02T07:42:29Z">
          <reporter-output>
          </reporter-output>
        </test-method> <!-- tearDown -->
      </class> <!-- com.ccs.testCases.TC_LoginTest_001 -->
    </test> <!-- ccs -->
    <test name="ccs 2" duration-ms="22112" started-at="2020-06-02T07:43:04Z" finished-at="2020-06-02T07:43:26Z">
      <class name="com.ccs.testCases.TC_LoginTest_001">
        <test-method status="PASS" signature="setup(java.lang.String)[pri:0, instance:com.ccs.testCases.TC_LoginTest_001@6a2bcfcb]" name="setup" is-config="true" duration-ms="10302" started-at="2020-06-02T07:43:04Z" finished-at="2020-06-02T07:43:14Z">
          <params>
            <param index="0">
              <value>
                <![CDATA[firefox]]>
              </value>
            </param>
          </params>
          <reporter-output>
          </reporter-output>
        </test-method> <!-- setup -->
        <test-method status="PASS" signature="loginTest()[pri:0, instance:com.ccs.testCases.TC_LoginTest_001@6a2bcfcb]" name="loginTest" duration-ms="9239" started-at="2020-06-02T07:43:14Z" finished-at="2020-06-02T07:43:24Z">
          <reporter-output>
          </reporter-output>
        </test-method> <!-- loginTest -->
        <test-method status="PASS" signature="tearDown()[pri:0, instance:com.ccs.testCases.TC_LoginTest_001@6a2bcfcb]" name="tearDown" is-config="true" duration-ms="2564" started-at="2020-06-02T07:43:24Z" finished-at="2020-06-02T07:43:26Z">
          <reporter-output>
          </reporter-output>
        </test-method> <!-- tearDown -->
      </class> <!-- com.ccs.testCases.TC_LoginTest_001 -->
    </test> <!-- ccs 2 -->
  </suite> <!-- HybridFramework -->
</testng-results>
