<?xml version="1.0" encoding="UTF-8"?>
<testng-results skipped="0" failed="0" ignored="0" total="4" passed="4">
  <reporter-output>
  </reporter-output>
  <suite name="HybridFramework" duration-ms="95433" started-at="2020-06-11T11:38:22Z" finished-at="2020-06-11T11:39:58Z">
    <groups>
    </groups>
    <test name="ccs" duration-ms="73541" started-at="2020-06-11T11:38:22Z" finished-at="2020-06-11T11:39:36Z">
      <class name="com.ccs.testCases.TC_LoginDDT_002">
        <test-method status="PASS" signature="setup(java.lang.String)[pri:0, instance:com.ccs.testCases.TC_LoginDDT_002@97e1986]" name="setup" is-config="true" duration-ms="11528" started-at="2020-06-11T11:38:47Z" finished-at="2020-06-11T11:38:59Z">
          <params>
            <param index="0">
              <value>
                <![CDATA[chrome]]>
              </value>
            </param>
          </params>
          <reporter-output>
          </reporter-output>
        </test-method> <!-- setup -->
        <test-method status="PASS" signature="LoginDDT(java.lang.String, java.lang.String)[pri:0, instance:com.ccs.testCases.TC_LoginDDT_002@97e1986]" name="LoginDDT" duration-ms="23505" started-at="2020-06-11T11:39:00Z" data-provider="LoginData" finished-at="2020-06-11T11:39:23Z">
          <params>
            <param index="0">
              <value>
                <![CDATA[mngr265461]]>
              </value>
            </param>
            <param index="1">
              <value>
                <![CDATA[Esasyvy ]]>
              </value>
            </param>
          </params>
          <reporter-output>
          </reporter-output>
        </test-method> <!-- LoginDDT -->
        <test-method status="PASS" signature="LoginDDT(java.lang.String, java.lang.String)[pri:0, instance:com.ccs.testCases.TC_LoginDDT_002@97e1986]" name="LoginDDT" duration-ms="11731" started-at="2020-06-11T11:39:23Z" data-provider="LoginData" finished-at="2020-06-11T11:39:35Z">
          <params>
            <param index="0">
              <value>
                <![CDATA[mngr265461]]>
              </value>
            </param>
            <param index="1">
              <value>
                <![CDATA[Esasyvy ]]>
              </value>
            </param>
          </params>
          <reporter-output>
          </reporter-output>
        </test-method> <!-- LoginDDT -->
        <test-method status="PASS" signature="tearDown()[pri:0, instance:com.ccs.testCases.TC_LoginDDT_002@97e1986]" name="tearDown" is-config="true" duration-ms="966" started-at="2020-06-11T11:39:35Z" finished-at="2020-06-11T11:39:36Z">
          <reporter-output>
          </reporter-output>
        </test-method> <!-- tearDown -->
      </class> <!-- com.ccs.testCases.TC_LoginDDT_002 -->
      <class name="com.ccs.testCases.TC_LoginTest_001">
        <test-method status="PASS" signature="setup(java.lang.String)[pri:0, instance:com.ccs.testCases.TC_LoginTest_001@3dd3bcd]" name="setup" is-config="true" duration-ms="13214" started-at="2020-06-11T11:38:23Z" finished-at="2020-06-11T11:38:36Z">
          <params>
            <param index="0">
              <value>
                <![CDATA[chrome]]>
              </value>
            </param>
          </params>
          <reporter-output>
          </reporter-output>
        </test-method> <!-- setup -->
        <test-method status="PASS" signature="loginTest()[pri:0, instance:com.ccs.testCases.TC_LoginTest_001@3dd3bcd]" name="loginTest" duration-ms="10581" started-at="2020-06-11T11:38:36Z" finished-at="2020-06-11T11:38:47Z">
          <reporter-output>
          </reporter-output>
        </test-method> <!-- loginTest -->
        <test-method status="PASS" signature="tearDown()[pri:0, instance:com.ccs.testCases.TC_LoginTest_001@3dd3bcd]" name="tearDown" is-config="true" duration-ms="934" started-at="2020-06-11T11:38:47Z" finished-at="2020-06-11T11:38:47Z">
          <reporter-output>
          </reporter-output>
        </test-method> <!-- tearDown -->
      </class> <!-- com.ccs.testCases.TC_LoginTest_001 -->
    </test> <!-- ccs -->
    <test name="ccs 2" duration-ms="21496" started-at="2020-06-11T11:39:36Z" finished-at="2020-06-11T11:39:58Z">
      <class name="com.ccs.testCases.TC_LoginTest_001">
        <test-method status="PASS" signature="setup(java.lang.String)[pri:0, instance:com.ccs.testCases.TC_LoginTest_001@6d8a00e3]" name="setup" is-config="true" duration-ms="9171" started-at="2020-06-11T11:39:36Z" finished-at="2020-06-11T11:39:46Z">
          <params>
            <param index="0">
              <value>
                <![CDATA[firefox]]>
              </value>
            </param>
          </params>
          <reporter-output>
          </reporter-output>
        </test-method> <!-- setup -->
        <test-method status="PASS" signature="loginTest()[pri:0, instance:com.ccs.testCases.TC_LoginTest_001@6d8a00e3]" name="loginTest" duration-ms="9659" started-at="2020-06-11T11:39:46Z" finished-at="2020-06-11T11:39:55Z">
          <reporter-output>
          </reporter-output>
        </test-method> <!-- loginTest -->
        <test-method status="PASS" signature="tearDown()[pri:0, instance:com.ccs.testCases.TC_LoginTest_001@6d8a00e3]" name="tearDown" is-config="true" duration-ms="2655" started-at="2020-06-11T11:39:55Z" finished-at="2020-06-11T11:39:58Z">
          <reporter-output>
          </reporter-output>
        </test-method> <!-- tearDown -->
      </class> <!-- com.ccs.testCases.TC_LoginTest_001 -->
    </test> <!-- ccs 2 -->
  </suite> <!-- HybridFramework -->
</testng-results>
