<?xml version="1.0" encoding="UTF-8"?>
<testng-results skipped="0" failed="0" ignored="0" total="4" passed="4">
  <reporter-output>
  </reporter-output>
  <suite name="HybridFramework" duration-ms="93712" started-at="2020-06-16T11:10:30Z" finished-at="2020-06-16T11:12:04Z">
    <groups>
    </groups>
    <test name="ccs" duration-ms="66730" started-at="2020-06-16T11:10:30Z" finished-at="2020-06-16T11:11:37Z">
      <class name="com.ccs.testCases.TC_LoginDDT_002">
        <test-method status="PASS" signature="setup(java.lang.String)[pri:0, instance:com.ccs.testCases.TC_LoginDDT_002@6eebc39e]" name="setup" is-config="true" duration-ms="15389" started-at="2020-06-16T11:10:53Z" finished-at="2020-06-16T11:11:09Z">
          <params>
            <param index="0">
              <value>
                <![CDATA[chrome]]>
              </value>
            </param>
          </params>
          <reporter-output>
          </reporter-output>
        </test-method> <!-- setup -->
        <test-method status="PASS" signature="LoginDDT(java.lang.String, java.lang.String)[pri:0, instance:com.ccs.testCases.TC_LoginDDT_002@6eebc39e]" name="LoginDDT" duration-ms="14174" started-at="2020-06-16T11:11:10Z" data-provider="LoginData" finished-at="2020-06-16T11:11:24Z">
          <params>
            <param index="0">
              <value>
                <![CDATA[mngr265461]]>
              </value>
            </param>
            <param index="1">
              <value>
                <![CDATA[Esasyvy ]]>
              </value>
            </param>
          </params>
          <reporter-output>
          </reporter-output>
        </test-method> <!-- LoginDDT -->
        <test-method status="PASS" signature="LoginDDT(java.lang.String, java.lang.String)[pri:0, instance:com.ccs.testCases.TC_LoginDDT_002@6eebc39e]" name="LoginDDT" duration-ms="11760" started-at="2020-06-16T11:11:24Z" data-provider="LoginData" finished-at="2020-06-16T11:11:36Z">
          <params>
            <param index="0">
              <value>
                <![CDATA[mngr265461]]>
              </value>
            </param>
            <param index="1">
              <value>
                <![CDATA[Esasyvy ]]>
              </value>
            </param>
          </params>
          <reporter-output>
          </reporter-output>
        </test-method> <!-- LoginDDT -->
        <test-method status="PASS" signature="tearDown()[pri:0, instance:com.ccs.testCases.TC_LoginDDT_002@6eebc39e]" name="tearDown" is-config="true" duration-ms="1397" started-at="2020-06-16T11:11:36Z" finished-at="2020-06-16T11:11:37Z">
          <reporter-output>
          </reporter-output>
        </test-method> <!-- tearDown -->
      </class> <!-- com.ccs.testCases.TC_LoginDDT_002 -->
      <class name="com.ccs.testCases.TC_LoginTest_001">
        <test-method status="PASS" signature="setup(java.lang.String)[pri:0, instance:com.ccs.testCases.TC_LoginTest_001@4dfa3a9d]" name="setup" is-config="true" duration-ms="8906" started-at="2020-06-16T11:10:31Z" finished-at="2020-06-16T11:10:39Z">
          <params>
            <param index="0">
              <value>
                <![CDATA[chrome]]>
              </value>
            </param>
          </params>
          <reporter-output>
          </reporter-output>
        </test-method> <!-- setup -->
        <test-method status="PASS" signature="loginTest()[pri:0, instance:com.ccs.testCases.TC_LoginTest_001@4dfa3a9d]" name="loginTest" duration-ms="12400" started-at="2020-06-16T11:10:39Z" finished-at="2020-06-16T11:10:52Z">
          <reporter-output>
          </reporter-output>
        </test-method> <!-- loginTest -->
        <test-method status="PASS" signature="tearDown()[pri:0, instance:com.ccs.testCases.TC_LoginTest_001@4dfa3a9d]" name="tearDown" is-config="true" duration-ms="1426" started-at="2020-06-16T11:10:52Z" finished-at="2020-06-16T11:10:53Z">
          <reporter-output>
          </reporter-output>
        </test-method> <!-- tearDown -->
      </class> <!-- com.ccs.testCases.TC_LoginTest_001 -->
    </test> <!-- ccs -->
    <test name="ccs 2" duration-ms="26361" started-at="2020-06-16T11:11:38Z" finished-at="2020-06-16T11:12:04Z">
      <class name="com.ccs.testCases.TC_LoginTest_001">
        <test-method status="PASS" signature="setup(java.lang.String)[pri:0, instance:com.ccs.testCases.TC_LoginTest_001@13805618]" name="setup" is-config="true" duration-ms="11374" started-at="2020-06-16T11:11:38Z" finished-at="2020-06-16T11:11:49Z">
          <params>
            <param index="0">
              <value>
                <![CDATA[firefox]]>
              </value>
            </param>
          </params>
          <reporter-output>
          </reporter-output>
        </test-method> <!-- setup -->
        <test-method status="PASS" signature="loginTest()[pri:0, instance:com.ccs.testCases.TC_LoginTest_001@13805618]" name="loginTest" duration-ms="9354" started-at="2020-06-16T11:11:49Z" finished-at="2020-06-16T11:11:58Z">
          <reporter-output>
          </reporter-output>
        </test-method> <!-- loginTest -->
        <test-method status="PASS" signature="tearDown()[pri:0, instance:com.ccs.testCases.TC_LoginTest_001@13805618]" name="tearDown" is-config="true" duration-ms="5597" started-at="2020-06-16T11:11:58Z" finished-at="2020-06-16T11:12:04Z">
          <reporter-output>
          </reporter-output>
        </test-method> <!-- tearDown -->
      </class> <!-- com.ccs.testCases.TC_LoginTest_001 -->
    </test> <!-- ccs 2 -->
  </suite> <!-- HybridFramework -->
</testng-results>
