<?xml version="1.0" encoding="UTF-8"?>
<testng-results skipped="0" failed="0" ignored="0" total="3" passed="3">
  <reporter-output>
  </reporter-output>
  <suite name="HybridFramework" duration-ms="77497" started-at="2020-06-01T10:25:46Z" finished-at="2020-06-01T10:27:04Z">
    <groups>
    </groups>
    <test name="ccs" duration-ms="54226" started-at="2020-06-01T10:25:46Z" finished-at="2020-06-01T10:26:41Z">
      <class name="com.ccs.testCases.TC_AddCustomerTest_003">
        <test-method status="PASS" signature="setup(java.lang.String)[pri:0, instance:com.ccs.testCases.TC_AddCustomerTest_003@1a968a59]" name="setup" is-config="true" duration-ms="9223" started-at="2020-06-01T10:26:07Z" finished-at="2020-06-01T10:26:16Z">
          <params>
            <param index="0">
              <value>
                <![CDATA[chrome]]>
              </value>
            </param>
          </params>
          <reporter-output>
          </reporter-output>
        </test-method> <!-- setup -->
        <test-method status="PASS" signature="addNewCustomer()[pri:0, instance:com.ccs.testCases.TC_AddCustomerTest_003@1a968a59]" name="addNewCustomer" duration-ms="23290" started-at="2020-06-01T10:26:16Z" finished-at="2020-06-01T10:26:40Z">
          <reporter-output>
          </reporter-output>
        </test-method> <!-- addNewCustomer -->
        <test-method status="PASS" signature="tearDown()[pri:0, instance:com.ccs.testCases.TC_AddCustomerTest_003@1a968a59]" name="tearDown" is-config="true" duration-ms="1088" started-at="2020-06-01T10:26:40Z" finished-at="2020-06-01T10:26:41Z">
          <reporter-output>
          </reporter-output>
        </test-method> <!-- tearDown -->
      </class> <!-- com.ccs.testCases.TC_AddCustomerTest_003 -->
      <class name="com.ccs.testCases.TC_LoginTest_001">
        <test-method status="PASS" signature="setup(java.lang.String)[pri:0, instance:com.ccs.testCases.TC_LoginTest_001@548e7350]" name="setup" is-config="true" duration-ms="10679" started-at="2020-06-01T10:25:47Z" finished-at="2020-06-01T10:25:57Z">
          <params>
            <param index="0">
              <value>
                <![CDATA[chrome]]>
              </value>
            </param>
          </params>
          <reporter-output>
          </reporter-output>
        </test-method> <!-- setup -->
        <test-method status="PASS" signature="loginTest()[pri:0, instance:com.ccs.testCases.TC_LoginTest_001@548e7350]" name="loginTest" duration-ms="8641" started-at="2020-06-01T10:25:57Z" finished-at="2020-06-01T10:26:06Z">
          <reporter-output>
          </reporter-output>
        </test-method> <!-- loginTest -->
        <test-method status="PASS" signature="tearDown()[pri:0, instance:com.ccs.testCases.TC_LoginTest_001@548e7350]" name="tearDown" is-config="true" duration-ms="1060" started-at="2020-06-01T10:26:06Z" finished-at="2020-06-01T10:26:07Z">
          <reporter-output>
          </reporter-output>
        </test-method> <!-- tearDown -->
      </class> <!-- com.ccs.testCases.TC_LoginTest_001 -->
    </test> <!-- ccs -->
    <test name="ccs 2" duration-ms="22812" started-at="2020-06-01T10:26:41Z" finished-at="2020-06-01T10:27:04Z">
      <class name="com.ccs.testCases.TC_LoginTest_001">
        <test-method status="PASS" signature="setup(java.lang.String)[pri:0, instance:com.ccs.testCases.TC_LoginTest_001@56ac3a89]" name="setup" is-config="true" duration-ms="11555" started-at="2020-06-01T10:26:41Z" finished-at="2020-06-01T10:26:53Z">
          <params>
            <param index="0">
              <value>
                <![CDATA[firefox]]>
              </value>
            </param>
          </params>
          <reporter-output>
          </reporter-output>
        </test-method> <!-- setup -->
        <test-method status="PASS" signature="loginTest()[pri:0, instance:com.ccs.testCases.TC_LoginTest_001@56ac3a89]" name="loginTest" duration-ms="8585" started-at="2020-06-01T10:26:53Z" finished-at="2020-06-01T10:27:01Z">
          <reporter-output>
          </reporter-output>
        </test-method> <!-- loginTest -->
        <test-method status="PASS" signature="tearDown()[pri:0, instance:com.ccs.testCases.TC_LoginTest_001@56ac3a89]" name="tearDown" is-config="true" duration-ms="2658" started-at="2020-06-01T10:27:01Z" finished-at="2020-06-01T10:27:04Z">
          <reporter-output>
          </reporter-output>
        </test-method> <!-- tearDown -->
      </class> <!-- com.ccs.testCases.TC_LoginTest_001 -->
    </test> <!-- ccs 2 -->
  </suite> <!-- HybridFramework -->
</testng-results>
