<?xml version="1.0" encoding="UTF-8"?>
<!-- Generated by org.testng.reporters.JUnitXMLReporter -->
<testsuite hostname="MSINGIRI-IN" ignored="0" name="ccs" tests="3" failures="0" timestamp="16 Jun 2020 11:11:37 GMT" time="66.73" errors="0">
  <testcase name="loginTest" time="12.4" classname="com.ccs.testCases.TC_LoginTest_001"/>
  <testcase name="LoginDDT" time="14.174" classname="com.ccs.testCases.TC_LoginDDT_002"/>
  <testcase name="LoginDDT" time="11.76" classname="com.ccs.testCases.TC_LoginDDT_002"/>
</testsuite> <!-- ccs -->
